<?xml version="1.0" encoding="UTF-8"?>
<testsuite xmlns:xsi="http://www.w3.org/2001/XMLSchema-instance" xsi:noNamespaceSchemaLocation="https://maven.apache.org/surefire/maven-surefire-plugin/xsd/surefire-test-report-3.0.xsd" version="3.0" name="edu.grinnell.csc207.TestMP01" time="0.174" tests="34" errors="0" skipped="0" failures="0">
  <properties>
    <property name="java.specification.version" value="22"/>
    <property name="sun.jnu.encoding" value="UTF-8"/>
    <property name="java.class.path" value="/Users/grantsackmann/Library/CloudStorage/OneDrive-GrinnellCollege/GoodNotes/2024-2025/Fall24/CSC-207/Labs/ClassicalEncryption/cipher/target/test-classes:/Users/grantsackmann/Library/CloudStorage/OneDrive-GrinnellCollege/GoodNotes/2024-2025/Fall24/CSC-207/Labs/ClassicalEncryption/cipher/target/classes:/Users/grantsackmann/.m2/repository/org/junit/jupiter/junit-jupiter-engine/5.9.1/junit-jupiter-engine-5.9.1.jar:/Users/grantsackmann/.m2/repository/org/junit/platform/junit-platform-engine/1.9.1/junit-platform-engine-1.9.1.jar:/Users/grantsackmann/.m2/repository/org/opentest4j/opentest4j/1.2.0/opentest4j-1.2.0.jar:/Users/grantsackmann/.m2/repository/org/junit/platform/junit-platform-commons/1.9.1/junit-platform-commons-1.9.1.jar:/Users/grantsackmann/.m2/repository/org/junit/jupiter/junit-jupiter-api/5.9.1/junit-jupiter-api-5.9.1.jar:/Users/grantsackmann/.m2/repository/org/apiguardian/apiguardian-api/1.1.2/apiguardian-api-1.1.2.jar:"/>
    <property name="java.vm.vendor" value="Homebrew"/>
    <property name="sun.arch.data.model" value="64"/>
    <property name="java.vendor.url" value="https://github.com/Homebrew/homebrew-core/issues"/>
    <property name="os.name" value="Mac OS X"/>
    <property name="java.vm.specification.version" value="22"/>
    <property name="sun.java.launcher" value="SUN_STANDARD"/>
    <property name="user.country" value="US"/>
    <property name="sun.boot.library.path" value="/opt/homebrew/Cellar/openjdk/22.0.2/libexec/openjdk.jdk/Contents/Home/lib"/>
    <property name="sun.java.command" value="/Users/grantsackmann/Library/CloudStorage/OneDrive-GrinnellCollege/GoodNotes/2024-2025/Fall24/CSC-207/Labs/ClassicalEncryption/cipher/target/surefire/surefirebooter-20240912184227149_3.jar /Users/grantsackmann/Library/CloudStorage/OneDrive-GrinnellCollege/GoodNotes/2024-2025/Fall24/CSC-207/Labs/ClassicalEncryption/cipher/target/surefire 2024-09-12T18-42-26_897-jvmRun1 surefire-20240912184227149_1tmp surefire_0-20240912184227149_2tmp"/>
    <property name="http.nonProxyHosts" value="local|*.local|169.254/16|*.169.254/16"/>
    <property name="jdk.debug" value="release"/>
    <property name="surefire.test.class.path" value="/Users/grantsackmann/Library/CloudStorage/OneDrive-GrinnellCollege/GoodNotes/2024-2025/Fall24/CSC-207/Labs/ClassicalEncryption/cipher/target/test-classes:/Users/grantsackmann/Library/CloudStorage/OneDrive-GrinnellCollege/GoodNotes/2024-2025/Fall24/CSC-207/Labs/ClassicalEncryption/cipher/target/classes:/Users/grantsackmann/.m2/repository/org/junit/jupiter/junit-jupiter-engine/5.9.1/junit-jupiter-engine-5.9.1.jar:/Users/grantsackmann/.m2/repository/org/junit/platform/junit-platform-engine/1.9.1/junit-platform-engine-1.9.1.jar:/Users/grantsackmann/.m2/repository/org/opentest4j/opentest4j/1.2.0/opentest4j-1.2.0.jar:/Users/grantsackmann/.m2/repository/org/junit/platform/junit-platform-commons/1.9.1/junit-platform-commons-1.9.1.jar:/Users/grantsackmann/.m2/repository/org/junit/jupiter/junit-jupiter-api/5.9.1/junit-jupiter-api-5.9.1.jar:/Users/grantsackmann/.m2/repository/org/apiguardian/apiguardian-api/1.1.2/apiguardian-api-1.1.2.jar:"/>
    <property name="sun.cpu.endian" value="little"/>
    <property name="user.home" value="/Users/grantsackmann"/>
    <property name="user.language" value="en"/>
    <property name="java.specification.vendor" value="Oracle Corporation"/>
    <property name="java.version.date" value="2024-07-16"/>
    <property name="java.home" value="/opt/homebrew/Cellar/openjdk/22.0.2/libexec/openjdk.jdk/Contents/Home"/>
    <property name="file.separator" value="/"/>
    <property name="basedir" value="/Users/grantsackmann/Library/CloudStorage/OneDrive-GrinnellCollege/GoodNotes/2024-2025/Fall24/CSC-207/Labs/ClassicalEncryption/cipher"/>
    <property name="java.vm.compressedOopsMode" value="Zero based"/>
    <property name="line.separator" value="&#10;"/>
    <property name="java.vm.specification.vendor" value="Oracle Corporation"/>
    <property name="java.specification.name" value="Java Platform API Specification"/>
    <property name="apple.awt.application.name" value="ForkedBooter"/>
    <property name="surefire.real.class.path" value="/Users/grantsackmann/Library/CloudStorage/OneDrive-GrinnellCollege/GoodNotes/2024-2025/Fall24/CSC-207/Labs/ClassicalEncryption/cipher/target/surefire/surefirebooter-20240912184227149_3.jar"/>
    <property name="sun.management.compiler" value="HotSpot 64-Bit Tiered Compilers"/>
    <property name="ftp.nonProxyHosts" value="local|*.local|169.254/16|*.169.254/16"/>
    <property name="java.runtime.version" value="22.0.2"/>
    <property name="user.name" value="grantsackmann"/>
    <property name="stdout.encoding" value="UTF-8"/>
    <property name="path.separator" value=":"/>
    <property name="os.version" value="14.0"/>
    <property name="java.runtime.name" value="OpenJDK Runtime Environment"/>
    <property name="file.encoding" value="UTF-8"/>
    <property name="java.vm.name" value="OpenJDK 64-Bit Server VM"/>
    <property name="java.vendor.version" value="Homebrew"/>
    <property name="localRepository" value="/Users/grantsackmann/.m2/repository"/>
    <property name="java.vendor.url.bug" value="https://github.com/Homebrew/homebrew-core/issues"/>
    <property name="java.io.tmpdir" value="/var/folders/qs/t09dhfgs4nd2pp8wtxsnpp3r0000gn/T/"/>
    <property name="java.version" value="22.0.2"/>
    <property name="user.dir" value="/Users/grantsackmann/Library/CloudStorage/OneDrive-GrinnellCollege/GoodNotes/2024-2025/Fall24/CSC-207/Labs/ClassicalEncryption/cipher"/>
    <property name="os.arch" value="aarch64"/>
    <property name="java.vm.specification.name" value="Java Virtual Machine Specification"/>
    <property name="native.encoding" value="UTF-8"/>
    <property name="java.library.path" value="/Users/grantsackmann/Library/Java/Extensions:/Library/Java/Extensions:/Network/Library/Java/Extensions:/System/Library/Java/Extensions:/usr/lib/java:."/>
    <property name="java.vm.info" value="mixed mode, sharing"/>
    <property name="stderr.encoding" value="UTF-8"/>
    <property name="java.vendor" value="Homebrew"/>
    <property name="java.vm.version" value="22.0.2"/>
    <property name="sun.io.unicode.encoding" value="UnicodeBig"/>
    <property name="socksNonProxyHosts" value="local|*.local|169.254/16|*.169.254/16"/>
    <property name="java.class.version" value="66.0"/>
  </properties>
  <testcase name="testCaesarEncrypt" classname="edu.grinnell.csc207.TestMP01" time="0.036"/>
  <testcase name="allCaesarEncryptEmptyString" classname="edu.grinnell.csc207.TestMP01" time="0.005"/>
  <testcase name="allCaesarDecryptAlphabet" classname="edu.grinnell.csc207.TestMP01" time="0.002"/>
  <testcase name="testCaesarEncryptReturnsNonEmptyString" classname="edu.grinnell.csc207.TestMP01" time="0.003"/>
  <testcase name="vigenereEncryptEmpty" classname="edu.grinnell.csc207.TestMP01" time="0.001"/>
  <testcase name="testCaesarDecryptReturnsNonEmptyString" classname="edu.grinnell.csc207.TestMP01" time="0.001"/>
  <testcase name="cipherEmptyKey" classname="edu.grinnell.csc207.TestMP01" time="0.009"/>
  <testcase name="testVigenereEncryptReturnsNonEmptyString" classname="edu.grinnell.csc207.TestMP01" time="0.001"/>
  <testcase name="testVigenereDecryptReturnsNonEmptyString" classname="edu.grinnell.csc207.TestMP01" time="0.001"/>
  <testcase name="allCaesarEncryptAlphabet" classname="edu.grinnell.csc207.TestMP01" time="0.002"/>
  <testcase name="cipherRuns" classname="edu.grinnell.csc207.TestMP01" time="0.001"/>
  <testcase name="allCaesarDecryptEmptyString" classname="edu.grinnell.csc207.TestMP01" time="0.001"/>
  <testcase name="allCaesarRuns" classname="edu.grinnell.csc207.TestMP01" time="0.002"/>
  <testcase name="cipherInvalidString" classname="edu.grinnell.csc207.TestMP01" time="0.001"/>
  <testcase name="caesarDecryptEmpty" classname="edu.grinnell.csc207.TestMP01" time="0.001"/>
  <testcase name="allCaesarErrorInvalidAction" classname="edu.grinnell.csc207.TestMP01" time="0.003"/>
  <testcase name="testVigenereDecrypt" classname="edu.grinnell.csc207.TestMP01" time="0.001"/>
  <testcase name="allCaesarErrorOneArgument" classname="edu.grinnell.csc207.TestMP01" time="0.001"/>
  <testcase name="allCaesarErrorThreeArguments" classname="edu.grinnell.csc207.TestMP01" time="0.005"/>
  <testcase name="cipherInvalidKey" classname="edu.grinnell.csc207.TestMP01" time="0.004"/>
  <testcase name="cipherVigenereEncrypt" classname="edu.grinnell.csc207.TestMP01" time="0.003"/>
  <testcase name="testCaesarDecrypt" classname="edu.grinnell.csc207.TestMP01" time="0.0"/>
  <testcase name="cipherBadCaesarKey" classname="edu.grinnell.csc207.TestMP01" time="0.001"/>
  <testcase name="caesarEncryptEmpty" classname="edu.grinnell.csc207.TestMP01" time="0.001"/>
  <testcase name="cipherVigenereDecode" classname="edu.grinnell.csc207.TestMP01" time="0.001"/>
  <testcase name="allCaesarEncryptHelloWorld" classname="edu.grinnell.csc207.TestMP01" time="0.002"/>
  <testcase name="cipherLongCaesarKey" classname="edu.grinnell.csc207.TestMP01" time="0.001"/>
  <testcase name="cipherWrongNumberOfParams" classname="edu.grinnell.csc207.TestMP01" time="0.002"/>
  <testcase name="cipherCaesarEncrypt" classname="edu.grinnell.csc207.TestMP01" time="0.001"/>
  <testcase name="testVigenereEncrypt" classname="edu.grinnell.csc207.TestMP01" time="0.001"/>
  <testcase name="vigenereDecryptEmpty" classname="edu.grinnell.csc207.TestMP01" time="0.001"/>
  <testcase name="allCaesarErrorZeroArguments" classname="edu.grinnell.csc207.TestMP01" time="0.001"/>
  <testcase name="cipherCaesarDecode" classname="edu.grinnell.csc207.TestMP01" time="0.001"/>
  <testcase name="allCaesarDecryptDahhksknhz" classname="edu.grinnell.csc207.TestMP01" time="0.001"/>
</testsuite>